[16:15:38] [main/INFO]: Environment: authHost='https://authserver.mojang.com', accountsHost='https://api.mojang.com', sessionHost='https://sessionserver.mojang.com', name='PROD'
[16:15:39] [main/WARN]: Ambiguity between arguments [teleport, destination] and [teleport, targets] with inputs: [Player, 0123, @e, dd12be42-52a9-4a91-a8a1-11c01849e498]
[16:15:39] [main/WARN]: Ambiguity between arguments [teleport, location] and [teleport, destination] with inputs: [0.1 -0.5 .9, 0 0 0]
[16:15:39] [main/WARN]: Ambiguity between arguments [teleport, location] and [teleport, targets] with inputs: [0.1 -0.5 .9, 0 0 0]
[16:15:39] [main/WARN]: Ambiguity between arguments [teleport, targets] and [teleport, destination] with inputs: [Player, 0123, dd12be42-52a9-4a91-a8a1-11c01849e498]
[16:15:39] [main/WARN]: Ambiguity between arguments [teleport, targets, location] and [teleport, targets, destination] with inputs: [0.1 -0.5 .9, 0 0 0]
[16:15:39] [main/INFO]: Reloading ResourceManager: Default
[16:15:41] [Worker-Main-5/INFO]: Loaded 7 recipes
[16:15:41] [Worker-Main-5/INFO]: Loaded 927 advancements
[16:15:45] [Server thread/INFO]: Starting minecraft server version 1.16.3
[16:15:45] [Server thread/INFO]: Loading properties
[16:15:45] [Server thread/INFO]: Default game type: SURVIVAL
[16:15:45] [Server thread/INFO]: Generating keypair
[16:15:45] [Server thread/INFO]: Starting Minecraft server on *:25565
[16:15:45] [Server thread/INFO]: Using default channel type
[16:15:48] [Server thread/WARN]: **** SERVER IS RUNNING IN OFFLINE/INSECURE MODE!
[16:15:48] [Server thread/WARN]: The server will make no attempt to authenticate usernames. Beware.
[16:15:48] [Server thread/WARN]: While this makes the game possible to play without internet access, it also opens up the ability for hackers to connect with any username they choose.
[16:15:48] [Server thread/WARN]: To change this, set "online-mode" to "true" in the server.properties file.
[16:15:48] [Server thread/INFO]: Preparing level "world"
[16:15:48] [Server thread/INFO]: Preparing start region for dimension minecraft:overworld
[16:15:52] [Server thread/INFO]: Preparing spawn area: 0%
[16:15:52] [Server thread/INFO]: Preparing spawn area: 0%
[16:15:52] [Server thread/INFO]: Preparing spawn area: 0%
[16:15:52] [Server thread/INFO]: Preparing spawn area: 0%
[16:15:52] [Server thread/INFO]: Preparing spawn area: 0%
[16:15:52] [Server thread/INFO]: Preparing spawn area: 0%
[16:15:52] [Server thread/INFO]: Preparing spawn area: 0%
[16:15:52] [Server thread/INFO]: Preparing spawn area: 0%
[16:15:52] [Server thread/INFO]: Preparing spawn area: 0%
[16:15:52] [Server thread/INFO]: Preparing spawn area: 0%
[16:16:07] [Worker-Main-8/INFO]: Preparing spawn area: 83%
[16:16:07] [Worker-Main-7/INFO]: Preparing spawn area: 83%
[16:16:07] [Worker-Main-7/INFO]: Preparing spawn area: 83%
[16:16:07] [Worker-Main-7/INFO]: Preparing spawn area: 83%
[16:16:07] [Worker-Main-7/INFO]: Preparing spawn area: 83%
[16:16:07] [Worker-Main-7/INFO]: Preparing spawn area: 83%
[16:16:07] [Worker-Main-7/INFO]: Preparing spawn area: 83%
[16:16:07] [Worker-Main-7/INFO]: Preparing spawn area: 83%
[16:16:07] [Worker-Main-7/INFO]: Preparing spawn area: 83%
[16:16:07] [Worker-Main-7/INFO]: Preparing spawn area: 83%
[16:16:07] [Worker-Main-7/INFO]: Preparing spawn area: 83%
[16:16:07] [Worker-Main-7/INFO]: Preparing spawn area: 83%
[16:16:07] [Worker-Main-7/INFO]: Preparing spawn area: 83%
[16:16:08] [Worker-Main-7/INFO]: Preparing spawn area: 83%
[16:16:08] [Worker-Main-6/INFO]: Preparing spawn area: 83%
[16:16:08] [Worker-Main-7/INFO]: Preparing spawn area: 83%
[16:16:08] [Worker-Main-7/INFO]: Preparing spawn area: 83%
[16:16:08] [Worker-Main-7/INFO]: Preparing spawn area: 83%
[16:16:08] [Worker-Main-7/INFO]: Preparing spawn area: 83%
[16:16:08] [Worker-Main-7/INFO]: Preparing spawn area: 83%
[16:16:08] [Worker-Main-7/INFO]: Preparing spawn area: 83%
[16:16:08] [Worker-Main-8/INFO]: Preparing spawn area: 83%
[16:16:08] [Worker-Main-7/INFO]: Preparing spawn area: 83%
[16:16:08] [Worker-Main-7/INFO]: Preparing spawn area: 83%
[16:16:08] [Worker-Main-8/INFO]: Preparing spawn area: 83%
[16:16:08] [Worker-Main-8/INFO]: Preparing spawn area: 83%
[16:16:08] [Worker-Main-8/INFO]: Preparing spawn area: 83%
[16:16:08] [Worker-Main-7/INFO]: Preparing spawn area: 83%
[16:16:08] [Worker-Main-8/INFO]: Preparing spawn area: 83%
[16:16:08] [Worker-Main-8/INFO]: Preparing spawn area: 83%
[16:16:08] [Worker-Main-8/INFO]: Preparing spawn area: 83%
[16:16:08] [Worker-Main-8/INFO]: Preparing spawn area: 83%
[16:16:09] [Worker-Main-8/INFO]: Preparing spawn area: 83%
[16:16:09] [Worker-Main-6/INFO]: Preparing spawn area: 83%
[16:16:10] [Worker-Main-6/INFO]: Preparing spawn area: 83%
[16:16:10] [Worker-Main-8/INFO]: Preparing spawn area: 83%
[16:16:11] [Worker-Main-7/INFO]: Preparing spawn area: 83%
[16:16:11] [Worker-Main-6/INFO]: Preparing spawn area: 83%
[16:16:12] [Worker-Main-7/INFO]: Preparing spawn area: 83%
[16:16:12] [Worker-Main-6/INFO]: Preparing spawn area: 83%
[16:16:13] [Worker-Main-7/INFO]: Preparing spawn area: 83%
[16:16:13] [Worker-Main-7/INFO]: Preparing spawn area: 83%
[16:16:14] [Worker-Main-8/INFO]: Preparing spawn area: 83%
[16:16:14] [Worker-Main-7/INFO]: Preparing spawn area: 83%
[16:16:15] [Worker-Main-6/INFO]: Preparing spawn area: 84%
[16:16:15] [Worker-Main-7/INFO]: Preparing spawn area: 85%
[16:16:16] [Worker-Main-8/INFO]: Preparing spawn area: 85%
[16:16:16] [Worker-Main-7/INFO]: Preparing spawn area: 86%
[16:16:17] [Worker-Main-7/INFO]: Preparing spawn area: 87%
[16:16:17] [Worker-Main-8/INFO]: Preparing spawn area: 90%
[16:16:18] [Worker-Main-8/INFO]: Preparing spawn area: 90%
[16:16:18] [Worker-Main-6/INFO]: Preparing spawn area: 90%
[16:16:19] [Worker-Main-6/INFO]: Preparing spawn area: 91%
[16:16:19] [Worker-Main-6/INFO]: Preparing spawn area: 91%
[16:16:20] [Server thread/INFO]: Preparing spawn area: 92%
[16:16:21] [Server thread/INFO]: Preparing spawn area: 95%
[16:16:21] [Server thread/INFO]: Preparing spawn area: 95%
[16:16:21] [Server thread/INFO]: Time elapsed: 33150 ms
[16:16:21] [Server thread/INFO]: Done (33.321s)! For help, type "help"
[16:21:50] [Server thread/WARN]: Can't keep up! Is the server overloaded? Running 28595ms or 571 ticks behind
[16:29:08] [Server thread/INFO]: turbovicente69[/192.168.0.14:59705] logged in with entity id 149 at (-231.5, 63.0, 166.5)
[16:29:10] [Server thread/INFO]: turbovicente69 joined the game
[16:29:13] [Server thread/WARN]: Can't keep up! Is the server overloaded? Running 6532ms or 130 ticks behind
[16:29:49] [Server thread/WARN]: Can't keep up! Is the server overloaded? Running 21001ms or 420 ticks behind
[16:30:09] [Server thread/WARN]: Can't keep up! Is the server overloaded? Running 5226ms or 104 ticks behind
[16:30:31] [Server thread/WARN]: Can't keep up! Is the server overloaded? Running 2030ms or 40 ticks behind
[16:30:54] [Server thread/INFO]: turbovicente69 has made the advancement [Sweet Dreams]
[16:32:34] [Server thread/WARN]: Can't keep up! Is the server overloaded? Running 9373ms or 187 ticks behind
[16:34:14] [Server thread/INFO]: turbovicente69 has made the advancement [Isn't It Iron Pick]
[16:34:14] [Server thread/INFO]: turbovicente69 has made the advancement [Suit Up]
[16:36:24] [Server thread/WARN]: Can't keep up! Is the server overloaded? Running 2042ms or 40 ticks behind
[16:36:41] [Server thread/WARN]: Can't keep up! Is the server overloaded? Running 2014ms or 40 ticks behind
[16:36:59] [Server thread/WARN]: Can't keep up! Is the server overloaded? Running 2009ms or 40 ticks behind
[16:37:17] [Server thread/WARN]: Can't keep up! Is the server overloaded? Running 2887ms or 57 ticks behind
[16:37:38] [Server thread/WARN]: Can't keep up! Is the server overloaded? Running 2049ms or 40 ticks behind
[16:38:00] [Server thread/WARN]: Can't keep up! Is the server overloaded? Running 6645ms or 132 ticks behind
[16:38:28] [Server thread/WARN]: Can't keep up! Is the server overloaded? Running 2002ms or 40 ticks behind
[16:38:45] [Server thread/WARN]: Can't keep up! Is the server overloaded? Running 2052ms or 41 ticks behind
[16:39:05] [Server thread/WARN]: Can't keep up! Is the server overloaded? Running 4683ms or 93 ticks behind
[16:41:42] [Server thread/WARN]: Can't keep up! Is the server overloaded? Running 2005ms or 40 ticks behind
[16:47:05] [Server thread/INFO]: turbovicente69 has made the advancement [A Seedy Place]
[16:48:05] [Server thread/WARN]: Can't keep up! Is the server overloaded? Running 3065ms or 61 ticks behind
[16:49:00] [Server thread/INFO]: turbovicente69 lost connection: Disconnected
[16:49:00] [Server thread/INFO]: turbovicente69 left the game
[16:49:13] [Server thread/INFO]: Stopping the server
[16:49:13] [Server thread/INFO]: Stopping server
[16:49:13] [Server thread/INFO]: Saving players
[16:49:13] [Server thread/INFO]: Saving worlds
[16:49:13] [Server thread/INFO]: Saving chunks for level 'ServerLevel[world]'/minecraft:overworld
[16:49:15] [Server thread/INFO]: ThreadedAnvilChunkStorage (world): All chunks are saved
[16:49:15] [Server thread/INFO]: Saving chunks for level 'ServerLevel[world]'/minecraft:the_nether
[16:49:15] [Server thread/INFO]: ThreadedAnvilChunkStorage (DIM-1): All chunks are saved
[16:49:15] [Server thread/INFO]: Saving chunks for level 'ServerLevel[world]'/minecraft:the_end
[16:49:15] [Server thread/INFO]: ThreadedAnvilChunkStorage (DIM1): All chunks are saved
[16:49:15] [Server thread/INFO]: ThreadedAnvilChunkStorage (world): All chunks are saved
[16:49:15] [Server thread/INFO]: ThreadedAnvilChunkStorage (DIM-1): All chunks are saved
[16:49:15] [Server thread/INFO]: ThreadedAnvilChunkStorage (DIM1): All chunks are saved
